This is pdfTeX, Version 3.14159265-2.6-1.40.19 (TeX Live 2019/dev/Debian) (preloaded format=latex 2020.8.25)  22 FEB 2021 14:24
entering extended mode
 restricted \write18 enabled.
 %&-line parsing enabled.
**tex-ref.tex
(./tex-ref.tex
LaTeX2e <2018-12-01>
\columnsperpage=\count80
\intercolumnskip=\dimen102
\columna=\box27
\columnb=\box28
[3 columns per page]
! Undefined control sequence.
l.131     \nopagenumbers
                        
? X
 
Here is how much of TeX's memory you used:
 46 strings out of 492616
 431 string characters out of 6131416
 57415 words of memory out of 5000000
 4049 multiletter control sequences out of 15000+600000
 6850 words of font info for 25 fonts, out of 8000000 for 9000
 1141 hyphenation exceptions out of 8191
 5i,0n,10p,89b,8s stack positions out of 5000i,500n,10000p,200000b,80000s
No pages of output.
